hw9/web_homework9/AerisAndroidSDK-master/AerisDemo/build/outputs/logs/manifest-merger-debug-report.txt
-- Merging decision tree log ---
manifest
ADDED from AerisAndroidSDK-master\AerisDemo\AndroidManifest.xml:2:1-78:12
	xmlns:android
		ADDED from AerisAndroidSDK-master\AerisDemo\AndroidManifest.xml:2:11-69
	package
		ADDED from AerisAndroidSDK-master\AerisDemo\AndroidManifest.xml:3:5-43
	android:versionName
		ADDED from AerisAndroidSDK-master\AerisDemo\AndroidManifest.xml:5:5-32
	android:versionCode
		ADDED from AerisAndroidSDK-master\AerisDemo\AndroidManifest.xml:4:5-29
		INJECTED from AerisAndroidSDK-master\AerisDemo\AndroidManifest.xml
		INJECTED from AerisAndroidSDK-master\AerisDemo\AndroidManifest.xml
uses-permission#android.permission.INTERNET
ADDED from AerisAndroidSDK-master\AerisDemo\AndroidManifest.xml:7:5-67
	android:name
		ADDED from AerisAndroidSDK-master\AerisDemo\AndroidManifest.xml:7:22-64
uses-permission#android.permission.ACCESS_NETWORK_STATE
ADDED from AerisAndroidSDK-master\AerisDemo\AndroidManifest.xml:8:5-79
	android:name
		ADDED from AerisAndroidSDK-master\AerisDemo\AndroidManifest.xml:8:22-76
uses-permission#android.permission.ACCESS_WIFI_STATE
ADDED from AerisAndroidSDK-master\AerisDemo\AndroidManifest.xml:9:5-76
	android:name
		ADDED from AerisAndroidSDK-master\AerisDemo\AndroidManifest.xml:9:22-73
uses-permission#android.permission.ACCESS_COURSE_LOCATION
ADDED from AerisAndroidSDK-master\AerisDemo\AndroidManifest.xml:10:5-81
	android:name
		ADDED from AerisAndroidSDK-master\AerisDemo\AndroidManifest.xml:10:22-78
uses-permission#android.permission.ACCESS_FINE_LOCATION
ADDED from AerisAndroidSDK-master\AerisDemo\AndroidManifest.xml:11:5-79
	android:name
		ADDED from AerisAndroidSDK-master\AerisDemo\AndroidManifest.xml:11:22-76
uses-permission#com.google.android.providers.gsf.permission.READ_GSERVICES
ADDED from AerisAndroidSDK-master\AerisDemo\AndroidManifest.xml:12:5-98
	android:name
		ADDED from AerisAndroidSDK-master\AerisDemo\AndroidManifest.xml:12:22-95
uses-permission#android.permission.WRITE_EXTERNAL_STORAGE
ADDED from AerisAndroidSDK-master\AerisDemo\AndroidManifest.xml:14:5-81
	android:name
		ADDED from AerisAndroidSDK-master\AerisDemo\AndroidManifest.xml:14:22-78
uses-feature#0x00020000
ADDED from AerisAndroidSDK-master\AerisDemo\AndroidManifest.xml:16:5-19:20
	android:required
		ADDED from AerisAndroidSDK-master\AerisDemo\AndroidManifest.xml:18:9-32
	android:glEsVersion
		ADDED from AerisAndroidSDK-master\AerisDemo\AndroidManifest.xml:17:9-41
uses-sdk
ADDED from AerisAndroidSDK-master\AerisDemo\AndroidManifest.xml:21:5-23:41
MERGED from [com.google.android.gms:play-services:4.4.52] AndroidManifest.xml:17:5-42
MERGED from [com.hamweather:aeris-maps-library:1.1] AndroidManifest.xml:7:5-9:41
	android:targetSdkVersion
		ADDED from AerisAndroidSDK-master\AerisDemo\AndroidManifest.xml:23:9-38
	android:minSdkVersion
		ADDED from AerisAndroidSDK-master\AerisDemo\AndroidManifest.xml:22:9-35
application
ADDED from AerisAndroidSDK-master\AerisDemo\AndroidManifest.xml:25:5-76:19
MERGED from [com.google.android.gms:play-services:4.4.52] AndroidManifest.xml:18:5-19
MERGED from [com.hamweather:aeris-maps-library:1.1] AndroidManifest.xml:11:5-25:19
	android:label
		ADDED from AerisAndroidSDK-master\AerisDemo\AndroidManifest.xml:29:9-41
	android:allowBackup
		ADDED from AerisAndroidSDK-master\AerisDemo\AndroidManifest.xml:27:9-35
	android:icon
		ADDED from AerisAndroidSDK-master\AerisDemo\AndroidManifest.xml:28:9-45
	android:theme
		ADDED from AerisAndroidSDK-master\AerisDemo\AndroidManifest.xml:30:9-40
	android:name
		ADDED from AerisAndroidSDK-master\AerisDemo\AndroidManifest.xml:26:9-40
meta-data#com.google.android.gms.version
ADDED from AerisAndroidSDK-master\AerisDemo\AndroidManifest.xml:31:9-34:21
	android:name
		ADDED from AerisAndroidSDK-master\AerisDemo\AndroidManifest.xml:32:13-58
	android:value
		ADDED from AerisAndroidSDK-master\AerisDemo\AndroidManifest.xml:33:13-66
meta-data#com.google.android.maps.v2.API_KEY
ADDED from AerisAndroidSDK-master\AerisDemo\AndroidManifest.xml:35:9-37:71
	android:name
		ADDED from AerisAndroidSDK-master\AerisDemo\AndroidManifest.xml:36:13-62
	android:value
		ADDED from AerisAndroidSDK-master\AerisDemo\AndroidManifest.xml:37:13-68
service#com.example.service.NotificationService
ADDED from AerisAndroidSDK-master\AerisDemo\AndroidManifest.xml:39:9-42:13
	android:enabled
		ADDED from AerisAndroidSDK-master\AerisDemo\AndroidManifest.xml:41:13-35
	android:name
		ADDED from AerisAndroidSDK-master\AerisDemo\AndroidManifest.xml:40:13-67
service#com.example.service.ScreenOnService
ADDED from AerisAndroidSDK-master\AerisDemo\AndroidManifest.xml:44:10-47:16
	android:enabled
		ADDED from AerisAndroidSDK-master\AerisDemo\AndroidManifest.xml:46:13-35
	android:name
		ADDED from AerisAndroidSDK-master\AerisDemo\AndroidManifest.xml:45:13-63
activity#com.example.demoaerisproject.MyLocsActivity
ADDED from AerisAndroidSDK-master\AerisDemo\AndroidManifest.xml:49:9-51:56
	android:label
		ADDED from AerisAndroidSDK-master\AerisDemo\AndroidManifest.xml:51:13-53
	android:name
		ADDED from AerisAndroidSDK-master\AerisDemo\AndroidManifest.xml:50:13-71
activity#com.example.demoaerisproject.LocationSearchActivity
ADDED from AerisAndroidSDK-master\AerisDemo\AndroidManifest.xml:52:9-54:55
	android:label
		ADDED from AerisAndroidSDK-master\AerisDemo\AndroidManifest.xml:54:13-52
	android:name
		ADDED from AerisAndroidSDK-master\AerisDemo\AndroidManifest.xml:53:13-79
activity#com.example.demoaerisproject.SettingsActivity
ADDED from AerisAndroidSDK-master\AerisDemo\AndroidManifest.xml:56:9-59:20
	android:label
		ADDED from AerisAndroidSDK-master\AerisDemo\AndroidManifest.xml:58:13-45
	android:name
		ADDED from AerisAndroidSDK-master\AerisDemo\AndroidManifest.xml:57:13-73
activity#com.hamweather.aeris.maps.MapOptionsActivity
ADDED from AerisAndroidSDK-master\AerisDemo\AndroidManifest.xml:62:9-63:64
	android:label
		ADDED from AerisAndroidSDK-master\AerisDemo\AndroidManifest.xml:63:13-62
	android:name
		ADDED from AerisAndroidSDK-master\AerisDemo\AndroidManifest.xml:62:19-78
activity#com.example.demoaerisproject.DrawerActivity
ADDED from AerisAndroidSDK-master\AerisDemo\AndroidManifest.xml:66:9-75:20
	android:label
		ADDED from AerisAndroidSDK-master\AerisDemo\AndroidManifest.xml:68:13-45
	android:name
		ADDED from AerisAndroidSDK-master\AerisDemo\AndroidManifest.xml:67:13-71
	android:launchMode
		ADDED from AerisAndroidSDK-master\AerisDemo\AndroidManifest.xml:69:13-48
intent-filter#android.intent.action.MAIN+android.intent.category.LAUNCHER
ADDED from AerisAndroidSDK-master\AerisDemo\AndroidManifest.xml:70:13-74:29
action#android.intent.action.MAIN
ADDED from AerisAndroidSDK-master\AerisDemo\AndroidManifest.xml:71:17-69
	android:name
		ADDED from AerisAndroidSDK-master\AerisDemo\AndroidManifest.xml:71:25-66
category#android.intent.category.LAUNCHER
ADDED from AerisAndroidSDK-master\AerisDemo\AndroidManifest.xml:73:17-77
	android:name
		ADDED from AerisAndroidSDK-master\AerisDemo\AndroidManifest.xml:73:27-74
activity#com.example.com.hamweather.aeris.maps.MainActivity
ADDED from [com.hamweather:aeris-maps-library:1.1] AndroidManifest.xml:16:9-24:20
	android:label
		ADDED from [com.hamweather:aeris-maps-library:1.1] AndroidManifest.xml:18:13-45
	android:name
		ADDED from [com.hamweather:aeris-maps-library:1.1] AndroidManifest.xml:17:13-78